SF:lib/event_display/displayEvent.dart
DA:9,11
DA:11,8
DA:13,8
DA:15,8
DA:16,8
DA:17,8
DA:18,8
DA:19,8
DA:20,8
DA:21,8
DA:23,8
DA:24,8
DA:25,34
DA:27,16
DA:29,4
DA:30,4
DA:32,12
DA:37,6
DA:38,6
DA:39,1
DA:40,12
DA:41,6
DA:42,6
DA:43,1
DA:44,12
DA:45,6
DA:52,8
DA:55,4
DA:57,8
DA:58,8
DA:59,8
DA:61,8
DA:62,8
DA:64,8
DA:65,1
DA:66,1
DA:80,2
DA:81,4
LF:38
LH:38
end_of_record
SF:lib/models/event_view_model.dart
DA:12,12
DA:13,0
DA:14,24
DA:17,16
DA:18,7
DA:19,8
DA:21,16
DA:23,1
DA:24,1
DA:25,1
DA:28,1
DA:29,2
DA:30,1
DA:35,6
DA:36,12
DA:37,6
DA:40,0
DA:41,0
DA:42,0
DA:45,0
DA:46,0
DA:47,0
DA:48,0
DA:49,0
DA:50,0
DA:54,1
DA:55,2
DA:56,1
DA:59,1
DA:60,1
DA:62,1
DA:63,1
DA:65,1
DA:66,2
DA:67,4
DA:68,4
DA:69,1
DA:76,0
DA:77,0
DA:78,0
DA:80,0
DA:81,0
DA:82,0
DA:83,0
DA:84,0
DA:92,0
DA:93,0
DA:95,0
DA:96,0
DA:97,0
DA:98,0
DA:99,0
LF:52
LH:27
end_of_record
SF:lib/event_cards/event_tap.dart
DA:11,6
DA:13,6
DA:15,6
DA:16,6
DA:17,2
DA:19,6
DA:21,6
DA:22,6
DA:23,6
DA:24,18
DA:28,6
DA:37,6
DA:40,6
DA:41,6
DA:42,36
DA:43,18
DA:44,6
DA:47,1
DA:48,2
DA:52,6
DA:54,6
DA:55,36
DA:56,36
DA:57,6
DA:59,3
DA:75,1
DA:77,1
DA:80,0
DA:82,0
DA:85,1
DA:86,1
DA:87,3
DA:88,3
LF:33
LH:31
end_of_record
SF:lib/models/event.dart
DA:7,6
LF:1
LH:1
end_of_record
SF:lib/myApp/myApp.dart
DA:8,0
DA:10,0
DA:11,0
DA:12,0
DA:15,0
DA:24,0
LF:6
LH:0
end_of_record
SF:lib/event_details/event_details.dart
DA:10,1
DA:12,1
DA:13,1
DA:17,1
DA:20,1
DA:21,1
DA:22,3
DA:23,1
DA:25,1
DA:26,1
DA:27,1
DA:29,1
DA:32,1
DA:33,1
DA:35,1
DA:37,0
DA:40,1
DA:41,1
DA:42,1
DA:45,1
DA:46,1
DA:47,1
DA:48,3
DA:50,1
DA:51,1
DA:52,3
DA:54,1
DA:55,4
DA:56,3
DA:58,1
DA:59,4
DA:60,3
DA:66,1
DA:68,1
DA:69,3
DA:70,0
DA:71,0
DA:72,0
DA:73,0
DA:79,1
DA:80,0
DA:83,4
DA:84,0
DA:85,0
DA:86,0
DA:87,0
LF:46
LH:36
end_of_record
SF:lib/event_forms/addevent.dart
DA:11,2
DA:13,2
DA:14,2
DA:21,0
DA:22,0
DA:24,1
DA:25,3
DA:29,3
DA:30,1
DA:31,1
DA:32,1
DA:33,1
DA:34,1
DA:37,1
DA:38,1
DA:39,3
DA:42,2
DA:44,2
DA:45,2
DA:46,2
DA:47,2
DA:48,2
DA:51,2
DA:53,2
DA:54,2
DA:55,2
DA:57,2
DA:58,2
DA:60,2
DA:63,1
DA:64,1
DA:69,2
DA:72,2
DA:74,2
DA:77,1
DA:78,1
DA:83,2
DA:86,2
DA:88,2
DA:89,2
DA:90,1
DA:91,2
DA:92,1
DA:102,2
DA:105,2
DA:106,3
DA:114,2
DA:116,0
DA:118,2
DA:121,2
LF:50
LH:47
end_of_record
SF:lib/event_forms/editDateForm.dart
DA:9,1
DA:13,1
DA:14,1
DA:22,1
DA:24,1
DA:25,4
DA:26,4
DA:29,1
DA:31,1
DA:32,1
DA:33,1
DA:35,1
DA:36,1
DA:37,3
DA:43,1
DA:50,1
DA:51,1
DA:53,1
DA:54,1
DA:56,1
DA:57,1
DA:58,1
DA:61,2
DA:62,2
DA:63,1
DA:64,1
DA:65,1
DA:67,3
DA:68,2
DA:70,2
DA:75,1
DA:77,1
DA:78,1
DA:79,3
DA:86,1
DA:90,1
DA:97,1
DA:98,1
DA:100,0
DA:101,0
DA:103,0
DA:104,0
DA:105,0
DA:109,0
DA:110,0
DA:111,0
DA:112,0
DA:113,0
DA:118,1
DA:120,1
DA:121,1
DA:122,3
DA:123,1
DA:129,1
DA:135,1
DA:136,1
DA:137,0
DA:138,0
DA:140,1
DA:142,1
DA:143,1
DA:144,1
DA:145,3
DA:146,3
DA:147,1
DA:148,1
DA:150,3
DA:151,1
DA:153,1
LF:69
LH:57
end_of_record
SF:lib/routes/goRoutes.dart
DA:6,15
DA:8,5
DA:9,5
DA:12,5
DA:14,5
DA:17,4
DA:19,5
DA:22,5
LF:8
LH:8
end_of_record
