SF:lib/events/displayEvent.dart
DA:9,7
DA:11,5
DA:13,5
DA:15,5
DA:16,5
DA:17,5
DA:18,5
DA:19,5
DA:20,5
DA:21,5
DA:23,5
DA:24,5
DA:25,19
DA:27,10
DA:29,3
DA:30,3
DA:32,9
DA:37,3
DA:38,3
DA:39,0
DA:40,6
DA:41,3
DA:42,3
DA:43,0
DA:44,6
DA:45,3
DA:52,5
DA:55,4
DA:57,5
DA:58,5
DA:59,5
DA:61,5
DA:62,5
DA:63,5
DA:64,0
DA:65,0
DA:79,2
DA:80,4
LF:38
LH:34
end_of_record
SF:lib/main.dart
DA:4,0
DA:5,0
LF:2
LH:0
end_of_record
SF:lib/models/event_view_model.dart
DA:12,6
DA:13,0
DA:14,15
DA:17,10
DA:18,0
DA:19,5
DA:21,10
DA:23,0
DA:24,0
DA:25,0
DA:28,1
DA:29,2
DA:30,1
DA:35,3
DA:36,6
DA:37,3
DA:40,0
DA:41,0
DA:42,0
DA:45,0
DA:46,0
DA:47,0
DA:48,0
DA:49,0
DA:50,0
DA:54,0
DA:55,0
DA:56,0
DA:59,0
DA:60,0
DA:62,0
DA:63,0
DA:65,0
DA:66,0
DA:67,0
DA:68,0
DA:69,0
DA:76,1
DA:77,2
DA:78,1
DA:80,1
DA:81,1
DA:82,1
DA:83,1
DA:84,1
DA:92,0
DA:93,0
DA:95,0
DA:96,0
DA:97,0
DA:98,0
DA:99,0
LF:52
LH:19
end_of_record
SF:lib/event_cards/event_tap.dart
DA:11,3
DA:13,3
DA:15,3
DA:16,3
DA:17,3
DA:19,3
DA:21,3
DA:22,3
DA:23,3
DA:24,9
DA:28,3
DA:37,3
DA:40,3
DA:41,3
DA:42,18
DA:43,9
DA:44,3
DA:46,0
DA:47,0
DA:51,3
DA:53,3
DA:54,18
DA:55,18
DA:56,3
DA:57,0
DA:73,0
DA:75,0
DA:78,1
DA:80,1
DA:83,0
DA:85,0
DA:87,0
DA:88,0
DA:90,0
DA:91,0
DA:92,0
DA:93,0
DA:95,0
DA:96,0
DA:97,0
DA:99,0
DA:102,0
DA:103,0
DA:104,0
DA:113,0
DA:114,0
DA:115,0
DA:116,0
LF:48
LH:24
end_of_record
SF:lib/events/event.dart
DA:7,3
LF:1
LH:1
end_of_record
SF:lib/myApp/myApp.dart
DA:8,0
DA:10,0
DA:11,0
DA:12,0
DA:15,0
DA:24,0
LF:6
LH:0
end_of_record
SF:lib/event_details/event_details.dart
DA:10,1
DA:12,1
DA:13,1
DA:17,1
DA:20,1
DA:21,1
DA:22,3
DA:23,1
DA:25,1
DA:26,1
DA:27,1
DA:29,1
DA:32,1
DA:33,1
DA:35,1
DA:37,0
DA:40,1
DA:41,1
DA:42,1
DA:45,1
DA:46,1
DA:47,1
DA:48,3
DA:50,1
DA:51,1
DA:52,3
DA:54,1
DA:55,4
DA:56,3
DA:58,1
DA:59,4
DA:60,3
DA:66,1
DA:68,1
DA:69,3
DA:70,0
DA:71,0
DA:72,0
DA:73,0
DA:79,1
DA:80,0
DA:83,4
DA:84,0
DA:85,0
DA:86,0
DA:87,0
LF:46
LH:36
end_of_record
SF:lib/event_forms/addevent.dart
DA:11,2
DA:13,2
DA:14,2
DA:21,0
DA:22,0
DA:24,1
DA:25,3
DA:29,3
DA:30,1
DA:31,1
DA:32,1
DA:33,1
DA:34,1
DA:37,1
DA:38,1
DA:39,3
DA:42,2
DA:44,2
DA:45,2
DA:46,2
DA:47,2
DA:48,2
DA:51,2
DA:53,2
DA:54,2
DA:55,2
DA:57,2
DA:58,2
DA:60,2
DA:63,1
DA:64,1
DA:69,2
DA:72,2
DA:74,2
DA:77,1
DA:78,1
DA:83,2
DA:86,2
DA:88,2
DA:89,2
DA:90,1
DA:91,2
DA:92,1
DA:102,2
DA:105,2
DA:106,3
DA:114,2
DA:116,0
DA:118,2
DA:121,2
LF:50
LH:47
end_of_record
SF:lib/event_forms/editDateForm.dart
DA:9,0
DA:13,0
DA:14,0
DA:22,0
DA:24,0
DA:25,0
DA:26,0
DA:29,0
DA:31,0
DA:32,0
DA:33,0
DA:35,0
DA:36,0
DA:37,0
DA:43,0
DA:44,0
DA:50,0
DA:51,0
DA:52,0
DA:53,0
DA:55,0
DA:56,0
DA:57,0
DA:60,0
DA:61,0
DA:62,0
DA:63,0
DA:64,0
DA:66,0
DA:67,0
DA:69,0
DA:74,0
DA:76,0
DA:77,0
DA:78,0
DA:79,0
DA:85,0
DA:89,0
DA:90,0
DA:96,0
DA:97,0
DA:98,0
DA:99,0
DA:101,0
DA:102,0
DA:103,0
DA:107,0
DA:108,0
DA:109,0
DA:110,0
DA:111,0
DA:116,0
DA:118,0
DA:119,0
DA:120,0
DA:121,0
DA:127,0
DA:133,0
DA:134,0
DA:135,0
DA:136,0
DA:138,0
DA:140,0
DA:141,0
DA:142,0
DA:143,0
DA:144,0
DA:145,0
DA:146,0
DA:148,0
DA:149,0
DA:151,0
LF:72
LH:0
end_of_record
SF:lib/routes/goRoutes.dart
DA:6,9
DA:8,3
DA:9,3
DA:12,3
DA:14,3
DA:17,4
DA:19,3
DA:22,0
LF:8
LH:7
end_of_record
